Base path: C:/Program Files/Unity/Editor/Data
Pipe name: \\.\pipe\UnityShaderCompiler-64bit-1-1000
Cmd: getPlatforms
Cmd: compileSnippet
  api=0 type=0 insize=8777 outsize=3237 kw= ok=1
Cmd: compileSnippet
  api=0 type=1 insize=8777 outsize=6 kw= ok=1
Cmd: compileSnippet
  api=0 type=0 insize=8782 outsize=1920 kw= ok=1
Cmd: compileSnippet
  api=0 type=0 insize=8781 outsize=523 kw= ok=1
Cmd: compileSnippet
  api=0 type=1 insize=8785 outsize=6 kw= ok=1
Cmd: compileSnippet
  api=0 type=0 insize=8784 outsize=1181 kw= ok=1
Cmd: compileSnippet
  api=0 type=1 insize=8784 outsize=6 kw= ok=1
Cmd: compileSnippet
  api=0 type=0 insize=1277 outsize=731 kw= ok=1
Cmd: compileSnippet
  api=0 type=1 insize=1277 outsize=6 kw= ok=1
Cmd: compileSnippet
  api=0 type=0 insize=7292 outsize=2621 kw=DIRECTIONAL SHADOWS_OFF LIGHTMAP_OFF DIRLIGHTMAP_OFF DYNAMICLIGHTMAP_OFF ok=1
Cmd: compileSnippet
  api=0 type=1 insize=7292 outsize=6 kw=DIRECTIONAL SHADOWS_OFF LIGHTMAP_OFF DIRLIGHTMAP_OFF DYNAMICLIGHTMAP_OFF ok=1
Cmd: compileSnippet
  api=0 type=0 insize=4169 outsize=2150 kw=POINT ok=1
Cmd: compileSnippet
  api=0 type=1 insize=4169 outsize=6 kw=SPOT ok=1
Cmd: compileSnippet
  api=0 type=0 insize=3464 outsize=965 kw= ok=1
Cmd: compileSnippet
  api=0 type=1 insize=3464 outsize=6 kw= ok=1
Cmd: compileSnippet
  api=0 type=0 insize=6581 outsize=3138 kw=LIGHTMAP_OFF DIRLIGHTMAP_OFF DYNAMICLIGHTMAP_OFF HDR_LIGHT_PREPASS_OFF ok=1
Cmd: compileSnippet
  api=0 type=1 insize=6581 outsize=6 kw=LIGHTMAP_OFF DIRLIGHTMAP_OFF DYNAMICLIGHTMAP_OFF HDR_LIGHT_PREPASS_OFF ok=1
Cmd: compileSnippet
  api=0 type=0 insize=6450 outsize=2966 kw=LIGHTMAP_OFF DIRLIGHTMAP_OFF DYNAMICLIGHTMAP_OFF HDR_LIGHT_PREPASS_OFF ok=1
Cmd: compileSnippet
  api=0 type=1 insize=6450 outsize=6 kw=LIGHTMAP_OFF DIRLIGHTMAP_OFF DYNAMICLIGHTMAP_OFF HDR_LIGHT_PREPASS_OFF ok=1
